This is pdfTeX, Version 3.141592653-2.6-1.40.22 (MiKTeX 21.3) (preloaded format=latex 2021.5.12)  10 JUN 2021 15:11
entering extended mode
**./media/Tex/80ddffefd27ba267.tex
(media/Tex/80ddffefd27ba267.tex
LaTeX2e <2020-10-01> patch level 4
L3 programming layer <2021-05-07>
(C:\Users\Docto-mosaic\AppData\Local\Programs\MiKTeX 2.9\tex/latex/standalone\s
tandalone.cls
Document Class: standalone 2018/03/26 v1.3a Class to compile TeX sub-files stan
dalone

(C:\Users\Docto-mosaic\AppData\Local\Programs\MiKTeX 2.9\tex/latex/tools\shelle
sc.sty
Package: shellesc 2019/11/08 v1.0c unified shell escape interface for LaTeX
Package shellesc Info: Restricted shell escape enabled on input line 77.
)
(C:\Users\Docto-mosaic\AppData\Local\Programs\MiKTeX 2.9\tex/generic/iftex\iflu
atex.sty
Package: ifluatex 2019/10/25 v1.5 ifluatex legacy package. Use iftex instead.

(C:\Users\Docto-mosaic\AppData\Local\Programs\MiKTeX 2.9\tex/generic/iftex\ifte
x.sty
Package: iftex 2020/03/06 v1.0d TeX engine tests
))
(C:\Users\Docto-mosaic\AppData\Local\Programs\MiKTeX 2.9\tex/latex/xkeyval\xkey
val.sty
Package: xkeyval 2014/12/03 v2.7a package option processing (HA)

(C:\Users\Docto-mosaic\AppData\Local\Programs\MiKTeX 2.9\tex/generic/xkeyval\xk
eyval.tex
(C:\Users\Docto-mosaic\AppData\Local\Programs\MiKTeX 2.9\tex/generic/xkeyval\xk
vutils.tex
\XKV@toks=\toks15
\XKV@tempa@toks=\toks16

(C:\Users\Docto-mosaic\AppData\Local\Programs\MiKTeX 2.9\tex/generic/xkeyval\ke
yval.tex))
\XKV@depth=\count179
File: xkeyval.tex 2014/12/03 v2.7a key=value parser (HA)
))
\sa@internal=\count180
\c@sapage=\count181

(C:\Users\Docto-mosaic\AppData\Local\Programs\MiKTeX 2.9\tex/latex/standalone\s
tandalone.cfg
File: standalone.cfg 2018/03/26 v1.3a Default configuration file for 'standalon
e' class
)
(C:\Users\Docto-mosaic\AppData\Local\Programs\MiKTeX 2.9\tex/latex/base\article
.cls
Document Class: article 2020/04/10 v1.4m Standard LaTeX document class

(C:\Users\Docto-mosaic\AppData\Local\Programs\MiKTeX 2.9\tex/latex/base\size10.
clo
File: size10.clo 2020/04/10 v1.4m Standard LaTeX file (size option)
)
\c@part=\count182
\c@section=\count183
\c@subsection=\count184
\c@subsubsection=\count185
\c@paragraph=\count186
\c@subparagraph=\count187
\c@figure=\count188
\c@table=\count189
\abovecaptionskip=\skip47
\belowcaptionskip=\skip48
\bibindent=\dimen138
)
(C:\Users\Docto-mosaic\AppData\Local\Programs\MiKTeX 2.9\tex/latex/preview\prev
iew.sty
Package: preview 2017/04/24 12.3 (AUCTeX/preview-latex)

(C:\Users\Docto-mosaic\AppData\Local\Programs\MiKTeX 2.9\tex/generic/luatex85\l
uatex85.sty
Package: luatex85 2016/06/15 v1.4 pdftex aliases for luatex
)
(C:\Users\Docto-mosaic\AppData\Local\Programs\MiKTeX 2.9\tex/latex/preview\prti
ghtpage.def
\PreviewBorder=\dimen139
)
\pr@snippet=\count190
\pr@box=\box47
\pr@output=\toks17
))
(C:\Users\Docto-mosaic\AppData\Local\Programs\MiKTeX 2.9\tex/generic/babel\babe
l.sty
Package: babel 2021/04/26 3.58 The Babel package

(C:\Users\Docto-mosaic\AppData\Local\Programs\MiKTeX 2.9\tex/generic/babel\babe
l.def
File: babel.def 2021/04/26 3.58 Babel common definitions
\babel@savecnt=\count191
\U@D=\dimen140
\l@unhyphenated=\language79

(C:\Users\Docto-mosaic\AppData\Local\Programs\MiKTeX 2.9\tex/generic/babel\txtb
abel.def)
\bbl@readstream=\read2
)
\bbl@dirlevel=\count192
*************************************
* Local config file bblopts.cfg used
*

(C:\Users\Docto-mosaic\AppData\Local\Programs\MiKTeX 2.9\tex/latex/arabi\bblopt
s.cfg
File: bblopts.cfg 2005/09/08 v0.1 add Arabic and Farsi to "declared" options of
 babel
)
(C:\Users\Docto-mosaic\AppData\Local\Programs\MiKTeX 2.9\tex/latex/babel-englis
h\english.ldf
Language: english 2017/06/06 v3.3r English support from the babel system
Package babel Info: Hyphen rules for 'canadian' set to \l@english
(babel)             (\language0). Reported on input line 102.
Package babel Info: Hyphen rules for 'australian' set to \l@ukenglish
(babel)             (\language73). Reported on input line 105.
Package babel Info: Hyphen rules for 'newzealand' set to \l@ukenglish
(babel)             (\language73). Reported on input line 108.
))
(C:\Users\Docto-mosaic\AppData\Local\Programs\MiKTeX 2.9\tex/latex/amsmath\amsm
ath.sty
Package: amsmath 2020/09/23 v2.17i AMS math features
\@mathmargin=\skip49
For additional information on amsmath, use the `?' option.

(C:\Users\Docto-mosaic\AppData\Local\Programs\MiKTeX 2.9\tex/latex/amsmath\amst
ext.sty
Package: amstext 2000/06/29 v2.01 AMS text

(C:\Users\Docto-mosaic\AppData\Local\Programs\MiKTeX 2.9\tex/latex/amsmath\amsg
en.sty
File: amsgen.sty 1999/11/30 v2.0 generic functions
\@emptytoks=\toks18
\ex@=\dimen141
))
(C:\Users\Docto-mosaic\AppData\Local\Programs\MiKTeX 2.9\tex/latex/amsmath\amsb
sy.sty
Package: amsbsy 1999/11/29 v1.2d Bold Symbols
\pmbraise@=\dimen142
)
(C:\Users\Docto-mosaic\AppData\Local\Programs\MiKTeX 2.9\tex/latex/amsmath\amso
pn.sty
Package: amsopn 2016/03/08 v2.02 operator names
)
\inf@bad=\count193
LaTeX Info: Redefining \frac on input line 234.
\uproot@=\count194
\leftroot@=\count195
LaTeX Info: Redefining \overline on input line 399.
\classnum@=\count196
\DOTSCASE@=\count197
LaTeX Info: Redefining \ldots on input line 496.
LaTeX Info: Redefining \dots on input line 499.
LaTeX Info: Redefining \cdots on input line 620.
\Mathstrutbox@=\box48
\strutbox@=\box49
\big@size=\dimen143
LaTeX Font Info:    Redeclaring font encoding OML on input line 743.
LaTeX Font Info:    Redeclaring font encoding OMS on input line 744.
\macc@depth=\count198
\c@MaxMatrixCols=\count199
\dotsspace@=\muskip16
\c@parentequation=\count266
\dspbrk@lvl=\count267
\tag@help=\toks19
\row@=\count268
\column@=\count269
\maxfields@=\count270
\andhelp@=\toks20
\eqnshift@=\dimen144
\alignsep@=\dimen145
\tagshift@=\dimen146
\tagwidth@=\dimen147
\totwidth@=\dimen148
\lineht@=\dimen149
\@envbody=\toks21
\multlinegap=\skip50
\multlinetaggap=\skip51
\mathdisplay@stack=\toks22
LaTeX Info: Redefining \[ on input line 2923.
LaTeX Info: Redefining \] on input line 2924.
)
(C:\Users\Docto-mosaic\AppData\Local\Programs\MiKTeX 2.9\tex/latex/amsfonts\ams
symb.sty
Package: amssymb 2013/01/14 v3.01 AMS font symbols

(C:\Users\Docto-mosaic\AppData\Local\Programs\MiKTeX 2.9\tex/latex/amsfonts\ams
fonts.sty
Package: amsfonts 2013/01/14 v3.01 Basic AMSFonts support
\symAMSa=\mathgroup4
\symAMSb=\mathgroup5
LaTeX Font Info:    Redeclaring math symbol \hbar on input line 98.
LaTeX Font Info:    Overwriting math alphabet `\mathfrak' in version `bold'
(Font)                  U/euf/m/n --> U/euf/b/n on input line 106.
))
(C:\Users\Docto-mosaic\AppData\Local\Programs\MiKTeX 2.9\tex/latex/l3backend\l3
backend-dvips.def
File: l3backend-dvips.def 2021-05-07 L3 backend support: dvips
\l__pdf_internal_box=\box50
\g__pdf_backend_object_int=\count271
\l__pdf_backend_content_box=\box51
\l__pdf_backend_model_box=\box52
\g__pdf_backend_annotation_int=\count272
\g__pdf_backend_link_int=\count273
\g__pdf_backend_link_sf_int=\count274
)
No file 80ddffefd27ba267.aux.
\openout1 = `80ddffefd27ba267.aux'.

LaTeX Font Info:    Checking defaults for OML/cmm/m/it on input line 7.
LaTeX Font Info:    ... okay on input line 7.
LaTeX Font Info:    Checking defaults for OMS/cmsy/m/n on input line 7.
LaTeX Font Info:    ... okay on input line 7.
LaTeX Font Info:    Checking defaults for OT1/cmr/m/n on input line 7.
LaTeX Font Info:    ... okay on input line 7.
LaTeX Font Info:    Checking defaults for T1/cmr/m/n on input line 7.
LaTeX Font Info:    ... okay on input line 7.
LaTeX Font Info:    Checking defaults for TS1/cmr/m/n on input line 7.
LaTeX Font Info:    ... okay on input line 7.
LaTeX Font Info:    Checking defaults for OMX/cmex/m/n on input line 7.
LaTeX Font Info:    ... okay on input line 7.
LaTeX Font Info:    Checking defaults for U/cmr/m/n on input line 7.
LaTeX Font Info:    ... okay on input line 7.
Preview: Fontsize 10pt
LaTeX Font Info:    Trying to load font information for U+msa on input line 9.

(C:\Users\Docto-mosaic\AppData\Local\Programs\MiKTeX 2.9\tex/latex/amsfonts\ums
a.fd
File: umsa.fd 2013/01/14 v3.01 AMS symbols A
)
LaTeX Font Info:    Trying to load font information for U+msb on input line 9.

(C:\Users\Docto-mosaic\AppData\Local\Programs\MiKTeX 2.9\tex/latex/amsfonts\ums
b.fd
File: umsb.fd 2013/01/14 v3.01 AMS symbols B
)
Preview: Tightpage 0 0 0 0
[1]
(C:\Users\Docto-mosaic\git_repos\MEMOEinsteinVid\media\Tex\80ddffefd27ba267.aux
) ) 
Here is how much of TeX's memory you used:
 2992 strings out of 479174
 44959 string characters out of 2848910
 348877 words of memory out of 3000000
 20592 multiletter control sequences out of 15000+600000
 405129 words of font info for 35 fonts, out of 8000000 for 9000
 1141 hyphenation exceptions out of 8191
 55i,9n,71p,244b,152s stack positions out of 5000i,500n,10000p,200000b,80000s

Output written on C:\Users\Docto-mosaic\git_repos\MEMOEinsteinVid\media\Tex\80d
dffefd27ba267.dvi (1 page, 1620 bytes).
